Using pre-set license

 COMMAND LINE ARGUMENTS:
/Applications/Unity/Hub/Editor/2020.3.3f1/Unity.app/Contents/MacOS/Unity
-adb2
-batchMode
-noUpm
-name
AssetImportWorker0
-projectPath
/Users/missingway/GameProjects/SamKirbRipoff-master
-logFile
Logs/AssetImportWorker0.log
-srvPort
64497
Successfully changed project path to: /Users/missingway/GameProjects/SamKirbRipoff-master
/Users/missingway/GameProjects/SamKirbRipoff-master
Using Asset Import Pipeline V2.
Refreshing native plugins compatible for Editor in 36.12 ms, found 2 plugins.
Preloading 0 native plugins for Editor in 0.00 ms.
Initialize engine version: 2020.3.3f1 (76626098c1c4)
[Subsystems] Discovering subsystems at path /Applications/Unity/Hub/Editor/2020.3.3f1/Unity.app/Contents/Resources/UnitySubsystems
[Subsystems] Discovering subsystems at path /Users/missingway/GameProjects/SamKirbRipoff-master/Assets
GfxDevice: creating device client; threaded=0
2021-04-19 14:23:17.825 Unity[22867:1585880] Color LCD preferred device: Intel(R) UHD Graphics 630 (low power)
2021-04-19 14:23:17.825 Unity[22867:1585880] Metal devices available: 2
2021-04-19 14:23:17.825 Unity[22867:1585880] 0: AMD Radeon Pro 560X (high power)
2021-04-19 14:23:17.825 Unity[22867:1585880] 1: Intel(R) UHD Graphics 630 (low power)
2021-04-19 14:23:17.825 Unity[22867:1585880] Using device AMD Radeon Pro 560X (high power)
Initializing Metal device caps: AMD Radeon Pro 560X
Initialize mono
Mono path[0] = '/Applications/Unity/Hub/Editor/2020.3.3f1/Unity.app/Contents/Managed'
Mono path[1] = '/Applications/Unity/Hub/Editor/2020.3.3f1/Unity.app/Contents/MonoBleedingEdge/lib/mono/unityjit'
Mono config path = '/Applications/Unity/Hub/Editor/2020.3.3f1/Unity.app/Contents/MonoBleedingEdge/etc'
Using monoOptions --debugger-agent=transport=dt_socket,embedding=1,server=y,suspend=n,address=127.0.0.1:56867
Begin MonoManager ReloadAssembly
Registering precompiled unity dll's ...
Register platform support module: /Applications/Unity/Hub/Editor/2020.3.3f1/Unity.app/Contents/PlaybackEngines/MacStandaloneSupport/UnityEditor.OSXStandalone.Extensions.dll
Register platform support module: /Applications/Unity/Hub/Editor/2020.3.3f1/PlaybackEngines/WindowsStandaloneSupport/UnityEditor.WindowsStandalone.Extensions.dll
Register platform support module: /Applications/Unity/Hub/Editor/2020.3.3f1/PlaybackEngines/LinuxStandaloneSupport/UnityEditor.LinuxStandalone.Extensions.dll
Registered in 0.000831 seconds.
Native extension for LinuxStandalone target not found
Native extension for WindowsStandalone target not found
Native extension for OSXStandalone target not found
Refreshing native plugins compatible for Editor in 31.08 ms, found 2 plugins.
Preloading 0 native plugins for Editor in 0.00 ms.
Invoked RoslynAnalysisRunner static constructor.
RoslynAnalysisRunner will not be running.
RoslynAnalysisRunner has terminated.
Mono: successfully reloaded assembly
- Completed reload, in  2.376 seconds
Platform modules already initialized, skipping
Registering precompiled user dll's ...
Registered in 0.000368 seconds.
Begin MonoManager ReloadAssembly
Native extension for LinuxStandalone target not found
Native extension for WindowsStandalone target not found
Native extension for OSXStandalone target not found
Refreshing native plugins compatible for Editor in 31.51 ms, found 2 plugins.
Preloading 0 native plugins for Editor in 0.00 ms.
Invoked RoslynAnalysisRunner static constructor.
RoslynAnalysisRunner will not be running.
RoslynAnalysisRunner has terminated.
Mono: successfully reloaded assembly
- Completed reload, in  0.957 seconds
Platform modules already initialized, skipping
========================================================================
Worker process is ready to serve import requests
Launching external process: /Applications/Unity/Hub/Editor/2020.3.3f1/Unity.app/Contents/Tools/UnityShaderCompiler
Launched and connected shader compiler UnityShaderCompiler after 0.01 seconds
Refreshing native plugins compatible for Editor in 0.39 ms, found 2 plugins.
Preloading 0 native plugins for Editor in 0.00 ms.
Unloading 1957 Unused Serialized files (Serialized files now loaded: 0)
System memory in use before: 175.5 MB.
System memory in use after: 175.6 MB.

Unloading 18 unused Assets to reduce memory usage. Loaded Objects now: 2425.
Total: 2.321506 ms (FindLiveObjects: 0.232594 ms CreateObjectMapping: 0.099632 ms MarkObjects: 1.955124 ms  DeleteObjects: 0.032804 ms)

========================================================================
Received Import Request.
  path: Assets/MotionControl.cs
  artifactKey: Guid(5889f21e63b084117af609281a6bde1c) Importer(815301076,1909f56bfc062723c751e8b465ee728b)
Start importing Assets/MotionControl.cs using Guid(5889f21e63b084117af609281a6bde1c) Importer(815301076,1909f56bfc062723c751e8b465ee728b)  -> (artifact id: 'a46852ef5bf25fca364593654ac3310d') in 0.339759 seconds
  Import took 0.343596 seconds .

========================================================================
Received Prepare
Registering precompiled user dll's ...
Registered in 0.000533 seconds.
Begin MonoManager ReloadAssembly
Native extension for LinuxStandalone target not found
Native extension for WindowsStandalone target not found
Native extension for OSXStandalone target not found
Refreshing native plugins compatible for Editor in 0.35 ms, found 2 plugins.
Preloading 0 native plugins for Editor in 0.00 ms.
Invoked RoslynAnalysisRunner static constructor.
RoslynAnalysisRunner will not be running.
RoslynAnalysisRunner has terminated.
Mono: successfully reloaded assembly
- Completed reload, in  0.980 seconds
Platform modules already initialized, skipping
Refreshing native plugins compatible for Editor in 0.34 ms, found 2 plugins.
Preloading 0 native plugins for Editor in 0.00 ms.
Unloading 1906 Unused Serialized files (Serialized files now loaded: 0)
System memory in use before: 175.6 MB.
System memory in use after: 175.7 MB.

Unloading 8 unused Assets to reduce memory usage. Loaded Objects now: 2428.
Total: 1.992886 ms (FindLiveObjects: 0.218858 ms CreateObjectMapping: 0.073113 ms MarkObjects: 1.684689 ms  DeleteObjects: 0.015046 ms)

========================================================================
Received Import Request.
  Time since last request: 4.913934 seconds.
  path: Assets/New Terrain.asset
  artifactKey: Guid(9bbeae6be84144c89a032a33021d77b5) Importer(815301076,1909f56bfc062723c751e8b465ee728b)
Start importing Assets/New Terrain.asset using Guid(9bbeae6be84144c89a032a33021d77b5) Importer(815301076,1909f56bfc062723c751e8b465ee728b)  -> (artifact id: '23bb5b36d0fed9f788d55df2372c33c0') in 0.804420 seconds
  Import took 0.808653 seconds .

========================================================================
Received Import Request.
  Time since last request: 4.946670 seconds.
  path: Assets/GameInputs.cs
  artifactKey: Guid(9fe6019091acc40ee892eb6191b8b07b) Importer(815301076,1909f56bfc062723c751e8b465ee728b)
Start importing Assets/GameInputs.cs using Guid(9fe6019091acc40ee892eb6191b8b07b) Importer(815301076,1909f56bfc062723c751e8b465ee728b)  -> (artifact id: '2b76b9f81bb7e3bde632083d331ee601') in 0.001783 seconds
  Import took 0.004975 seconds .

========================================================================
Received Import Request.
  Time since last request: 0.001680 seconds.
  path: Assets/GameInputs.cs
  artifactKey: Guid(9fe6019091acc40ee892eb6191b8b07b) Importer(815301076,1909f56bfc062723c751e8b465ee728b)
Start importing Assets/GameInputs.cs using Guid(9fe6019091acc40ee892eb6191b8b07b) Importer(815301076,1909f56bfc062723c751e8b465ee728b)  -> (artifact id: '2b76b9f81bb7e3bde632083d331ee601') in 0.001231 seconds
  Import took 0.003698 seconds .

========================================================================
Received Import Request.
  Time since last request: 1.007672 seconds.
  path: Assets/FakeScript.cs
  artifactKey: Guid(99d81e5efeba24ed39599e23127dcc00) Importer(815301076,1909f56bfc062723c751e8b465ee728b)
Start importing Assets/FakeScript.cs using Guid(99d81e5efeba24ed39599e23127dcc00) Importer(815301076,1909f56bfc062723c751e8b465ee728b)  -> (artifact id: '23c2f506e42dcd9c2244d64a91404014') in 0.001541 seconds
  Import took 0.004427 seconds .

========================================================================
Received Import Request.
  Time since last request: 0.002518 seconds.
  path: Assets/FakeScript.cs
  artifactKey: Guid(99d81e5efeba24ed39599e23127dcc00) Importer(815301076,1909f56bfc062723c751e8b465ee728b)
Start importing Assets/FakeScript.cs using Guid(99d81e5efeba24ed39599e23127dcc00) Importer(815301076,1909f56bfc062723c751e8b465ee728b)  -> (artifact id: '23c2f506e42dcd9c2244d64a91404014') in 0.001374 seconds
  Import took 0.003955 seconds .

========================================================================
Received Prepare
Registering precompiled user dll's ...
Registered in 0.000527 seconds.
Begin MonoManager ReloadAssembly
Native extension for LinuxStandalone target not found
Native extension for WindowsStandalone target not found
Native extension for OSXStandalone target not found
Refreshing native plugins compatible for Editor in 0.33 ms, found 2 plugins.
Preloading 0 native plugins for Editor in 0.00 ms.
Invoked RoslynAnalysisRunner static constructor.
RoslynAnalysisRunner will not be running.
RoslynAnalysisRunner has terminated.
Mono: successfully reloaded assembly
- Completed reload, in  0.972 seconds
Platform modules already initialized, skipping
Refreshing native plugins compatible for Editor in 0.58 ms, found 2 plugins.
Preloading 0 native plugins for Editor in 0.00 ms.
Unloading 1905 Unused Serialized files (Serialized files now loaded: 0)
System memory in use before: 180.1 MB.
System memory in use after: 180.2 MB.

Unloading 8 unused Assets to reduce memory usage. Loaded Objects now: 2431.
Total: 2.133728 ms (FindLiveObjects: 0.217502 ms CreateObjectMapping: 0.074349 ms MarkObjects: 1.824588 ms  DeleteObjects: 0.016493 ms)

========================================================================
Received Prepare
Registering precompiled user dll's ...
Registered in 0.000377 seconds.
Begin MonoManager ReloadAssembly
Native extension for LinuxStandalone target not found
Native extension for WindowsStandalone target not found
Native extension for OSXStandalone target not found
Refreshing native plugins compatible for Editor in 0.39 ms, found 2 plugins.
Preloading 0 native plugins for Editor in 0.00 ms.
Invoked RoslynAnalysisRunner static constructor.
RoslynAnalysisRunner will not be running.
RoslynAnalysisRunner has terminated.
Mono: successfully reloaded assembly
- Completed reload, in  0.946 seconds
Platform modules already initialized, skipping
Refreshing native plugins compatible for Editor in 0.34 ms, found 2 plugins.
Preloading 0 native plugins for Editor in 0.00 ms.
Unloading 1905 Unused Serialized files (Serialized files now loaded: 0)
System memory in use before: 180.4 MB.
System memory in use after: 180.5 MB.

Unloading 8 unused Assets to reduce memory usage. Loaded Objects now: 2434.
Total: 1.775852 ms (FindLiveObjects: 0.210628 ms CreateObjectMapping: 0.059911 ms MarkObjects: 1.488608 ms  DeleteObjects: 0.015486 ms)

========================================================================
Received Import Request.
  Time since last request: 14.617934 seconds.
  path: Assets/Scripts
  artifactKey: Guid(db9fe42d75e7d48329469887da8229c3) Importer(815301076,1909f56bfc062723c751e8b465ee728b)
Start importing Assets/Scripts using Guid(db9fe42d75e7d48329469887da8229c3) Importer(815301076,1909f56bfc062723c751e8b465ee728b)  -> (artifact id: '0499b9db90e25ed3d0acba3f0c556acf') in 0.004718 seconds
  Import took 0.008959 seconds .

========================================================================
Received Import Request.
  Time since last request: 4.736501 seconds.
  path: Assets/Scripts/NewClass.cs
  artifactKey: Guid(bf7376809ef69446a9a5b1009b19252f) Importer(815301076,1909f56bfc062723c751e8b465ee728b)
Start importing Assets/Scripts/NewClass.cs using Guid(bf7376809ef69446a9a5b1009b19252f) Importer(815301076,1909f56bfc062723c751e8b465ee728b)  -> (artifact id: '2516178260b43de551f460025a53b8ab') in 0.001412 seconds
  Import took 0.004134 seconds .

========================================================================
Received Import Request.
  Time since last request: 0.002692 seconds.
  path: Assets/Scripts/NewClass.cs
  artifactKey: Guid(bf7376809ef69446a9a5b1009b19252f) Importer(815301076,1909f56bfc062723c751e8b465ee728b)
Start importing Assets/Scripts/NewClass.cs using Guid(bf7376809ef69446a9a5b1009b19252f) Importer(815301076,1909f56bfc062723c751e8b465ee728b)  -> (artifact id: '2516178260b43de551f460025a53b8ab') in 0.001203 seconds
  Import took 0.003729 seconds .

========================================================================
Received Prepare
Registering precompiled user dll's ...
Registered in 0.000491 seconds.
Begin MonoManager ReloadAssembly
Native extension for LinuxStandalone target not found
Native extension for WindowsStandalone target not found
Native extension for OSXStandalone target not found
Refreshing native plugins compatible for Editor in 0.34 ms, found 2 plugins.
Preloading 0 native plugins for Editor in 0.00 ms.
Invoked RoslynAnalysisRunner static constructor.
RoslynAnalysisRunner will not be running.
RoslynAnalysisRunner has terminated.
Mono: successfully reloaded assembly
- Completed reload, in  0.988 seconds
Platform modules already initialized, skipping
Refreshing native plugins compatible for Editor in 0.33 ms, found 2 plugins.
Preloading 0 native plugins for Editor in 0.00 ms.
Unloading 1904 Unused Serialized files (Serialized files now loaded: 0)
System memory in use before: 180.7 MB.
System memory in use after: 180.8 MB.

Unloading 8 unused Assets to reduce memory usage. Loaded Objects now: 2437.
Total: 2.015285 ms (FindLiveObjects: 0.261528 ms CreateObjectMapping: 0.081601 ms MarkObjects: 1.655061 ms  DeleteObjects: 0.016102 ms)

========================================================================
Received Import Request.
  Time since last request: 7.763289 seconds.
  path: Assets/Scripts/InputReader.cs
  artifactKey: Guid(8a55487f4bac1433d934bb05dabbddc4) Importer(815301076,1909f56bfc062723c751e8b465ee728b)
Start importing Assets/Scripts/InputReader.cs using Guid(8a55487f4bac1433d934bb05dabbddc4) Importer(815301076,1909f56bfc062723c751e8b465ee728b)  -> (artifact id: '1e92c05e13b066ea22448e157852c940') in 0.005192 seconds
  Import took 0.009329 seconds .

========================================================================
Received Import Request.
  Time since last request: 0.456884 seconds.
  path: Assets/Scripts/WinDetector.cs
  artifactKey: Guid(698519a6ed1c640689b5aed0eed5c219) Importer(815301076,1909f56bfc062723c751e8b465ee728b)
Start importing Assets/Scripts/WinDetector.cs using Guid(698519a6ed1c640689b5aed0eed5c219) Importer(815301076,1909f56bfc062723c751e8b465ee728b)  -> (artifact id: '391b14e9b9a49114a93c97d790d3d995') in 0.001663 seconds
  Import took 0.004684 seconds .

========================================================================
Received Import Request.
  Time since last request: 0.004189 seconds.
  path: Assets/Scripts/WinDetector.cs
  artifactKey: Guid(698519a6ed1c640689b5aed0eed5c219) Importer(815301076,1909f56bfc062723c751e8b465ee728b)
Start importing Assets/Scripts/WinDetector.cs using Guid(698519a6ed1c640689b5aed0eed5c219) Importer(815301076,1909f56bfc062723c751e8b465ee728b)  -> (artifact id: '391b14e9b9a49114a93c97d790d3d995') in 0.001411 seconds
  Import took 0.004114 seconds .

========================================================================
Received Import Request.
  Time since last request: 1.729172 seconds.
  path: Assets/Scripts/GameClock.cs
  artifactKey: Guid(047ace9cf01734fad818ca288f73c422) Importer(815301076,1909f56bfc062723c751e8b465ee728b)
Start importing Assets/Scripts/GameClock.cs using Guid(047ace9cf01734fad818ca288f73c422) Importer(815301076,1909f56bfc062723c751e8b465ee728b)  -> (artifact id: '93f3deb5b3a647d5a02072e18f661270') in 0.001695 seconds
  Import took 0.004800 seconds .

========================================================================
Received Import Request.
  Time since last request: 0.000743 seconds.
  path: Assets/Scripts/GameClock.cs
  artifactKey: Guid(047ace9cf01734fad818ca288f73c422) Importer(815301076,1909f56bfc062723c751e8b465ee728b)
Start importing Assets/Scripts/GameClock.cs using Guid(047ace9cf01734fad818ca288f73c422) Importer(815301076,1909f56bfc062723c751e8b465ee728b)  -> (artifact id: '93f3deb5b3a647d5a02072e18f661270') in 0.001349 seconds
  Import took 0.004071 seconds .

========================================================================
Received Import Request.
  Time since last request: 0.423505 seconds.
  path: Assets/Scripts/Bell.cs
  artifactKey: Guid(7b00b9a9444104943bb9eb98c5a4d8f9) Importer(815301076,1909f56bfc062723c751e8b465ee728b)
Start importing Assets/Scripts/Bell.cs using Guid(7b00b9a9444104943bb9eb98c5a4d8f9) Importer(815301076,1909f56bfc062723c751e8b465ee728b)  -> (artifact id: '6a3d74b41cf3be6815d164746d9c7f46') in 0.001621 seconds
  Import took 0.004655 seconds .

========================================================================
Received Import Request.
  Time since last request: 0.000607 seconds.
  path: Assets/Scripts/Bell.cs
  artifactKey: Guid(7b00b9a9444104943bb9eb98c5a4d8f9) Importer(815301076,1909f56bfc062723c751e8b465ee728b)
Start importing Assets/Scripts/Bell.cs using Guid(7b00b9a9444104943bb9eb98c5a4d8f9) Importer(815301076,1909f56bfc062723c751e8b465ee728b)  -> (artifact id: '6a3d74b41cf3be6815d164746d9c7f46') in 0.001935 seconds
  Import took 0.004600 seconds .

========================================================================
Received Import Request.
  Time since last request: 0.474241 seconds.
  path: Assets/Scripts/AttackDrawer.cs
  artifactKey: Guid(f868d84f8c5f4429187492bc30b66705) Importer(815301076,1909f56bfc062723c751e8b465ee728b)
Start importing Assets/Scripts/AttackDrawer.cs using Guid(f868d84f8c5f4429187492bc30b66705) Importer(815301076,1909f56bfc062723c751e8b465ee728b)  -> (artifact id: '01d7871b3a31bd6ca8f0413523ba0277') in 0.001584 seconds
  Import took 0.004624 seconds .

========================================================================
Received Import Request.
  Time since last request: 0.001999 seconds.
  path: Assets/Scripts/AttackDrawer.cs
  artifactKey: Guid(f868d84f8c5f4429187492bc30b66705) Importer(815301076,1909f56bfc062723c751e8b465ee728b)
Start importing Assets/Scripts/AttackDrawer.cs using Guid(f868d84f8c5f4429187492bc30b66705) Importer(815301076,1909f56bfc062723c751e8b465ee728b)  -> (artifact id: '01d7871b3a31bd6ca8f0413523ba0277') in 0.001419 seconds
  Import took 0.004144 seconds .

